Compilation failed:
    source file: 'D:/testFaceReg-1/node_modules/opencv-build/opencv/opencv/cmake/checks/cpu_avx512.cpp'
    check option: '    '
===== BUILD LOG =====
Change Dir: D:/testFaceReg-1/node_modules/opencv-build/opencv/build/CMakeFiles/CMakeTmp

Run Build Command:"C:/Program Files (x86)/Microsoft Visual Studio/2017/Community/MSBuild/15.0/Bin/MSBuild.exe" "cmTC_7913c.vcxproj" "/p:Configuration=Release" "/p:VisualStudioVersion=15.0"
Microsoft (R) Build Engine version 15.6.82.30579 for .NET Framework
Copyright (C) Microsoft Corporation. All rights reserved.

Build started 23-Jul-18 4:23:39 PM.
Project "D:\testFaceReg-1\node_modules\opencv-build\opencv\build\CMakeFiles\CMakeTmp\cmTC_7913c.vcxproj" on node 1 (default targets).
PrepareForBuild:
  Creating directory "cmTC_7913c.dir\Release\".
  Creating directory "D:\testFaceReg-1\node_modules\opencv-build\opencv\build\CMakeFiles\CMakeTmp\Release\".
  Creating directory "cmTC_7913c.dir\Release\cmTC_7913c.tlog\".
InitializeBuildStatus:
  Creating "cmTC_7913c.dir\Release\cmTC_7913c.tlog\unsuccessfulbuild" because "AlwaysCreate" was specified.
ClCompile:
  C:\Program Files (x86)\Microsoft Visual Studio\2017\Community\VC\Tools\MSVC\14.13.26128\bin\HostX86\x64\CL.exe /c /W3 /WX- /diagnostics:classic /O2 /Ob2 /D WIN32 /D _WINDOWS /D NDEBUG /D "CMAKE_INTDIR=\"Release\"" /D _MBCS /Gm- /EHsc /MD /GS /fp:precise /Zc:wchar_t /Zc:forScope /Zc:inline /GR /Fo"cmTC_7913c.dir\Release\\" /Fd"cmTC_7913c.dir\Release\vc141.pdb" /Gd /TP /FC /errorReport:queue "D:\testFaceReg-1\node_modules\opencv-build\opencv\opencv\cmake\checks\cpu_avx512.cpp"
  Microsoft (R) C/C++ Optimizing Compiler Version 19.13.26128 for x64
  Copyright (C) Microsoft Corporation.  All rights reserved.
  
  cl /c /W3 /WX- /diagnostics:classic /O2 /Ob2 /D WIN32 /D _WINDOWS /D NDEBUG /D "CMAKE_INTDIR=\"Release\"" /D _MBCS /Gm- /EHsc /MD /GS /fp:precise /Zc:wchar_t /Zc:forScope /Zc:inline /GR /Fo"cmTC_7913c.dir\Release\\" /Fd"cmTC_7913c.dir\Release\vc141.pdb" /Gd /TP /FC /errorReport:queue "D:\testFaceReg-1\node_modules\opencv-build\opencv\opencv\cmake\checks\cpu_avx512.cpp"
  cpu_avx512.cpp
  
d:\testfacereg-1\node_modules\opencv-build\opencv\opencv\cmake\checks\cpu_avx512.cpp(8): fatal error C1189: #error:  "AVX512 is not supported" [D:\testFaceReg-1\node_modules\opencv-build\opencv\build\CMakeFiles\CMakeTmp\cmTC_7913c.vcxproj]
Done Building Project "D:\testFaceReg-1\node_modules\opencv-build\opencv\build\CMakeFiles\CMakeTmp\cmTC_7913c.vcxproj" (default targets) -- FAILED.

Build FAILED.

"D:\testFaceReg-1\node_modules\opencv-build\opencv\build\CMakeFiles\CMakeTmp\cmTC_7913c.vcxproj" (default target) (1) ->
(ClCompile target) -> 
  d:\testfacereg-1\node_modules\opencv-build\opencv\opencv\cmake\checks\cpu_avx512.cpp(8): fatal error C1189: #error:  "AVX512 is not supported" [D:\testFaceReg-1\node_modules\opencv-build\opencv\build\CMakeFiles\CMakeTmp\cmTC_7913c.vcxproj]

    0 Warning(s)
    1 Error(s)

Time Elapsed 00:00:00.72

===== END =====

Compilation failed:
    source file: 'D:/testFaceReg-1/node_modules/opencv-build/opencv/opencv/cmake/checks/cpu_avx512skx.cpp'
    check option: '    '
===== BUILD LOG =====
Change Dir: D:/testFaceReg-1/node_modules/opencv-build/opencv/build/CMakeFiles/CMakeTmp

Run Build Command:"C:/Program Files (x86)/Microsoft Visual Studio/2017/Community/MSBuild/15.0/Bin/MSBuild.exe" "cmTC_8b30a.vcxproj" "/p:Configuration=Release" "/p:VisualStudioVersion=15.0"
Microsoft (R) Build Engine version 15.6.82.30579 for .NET Framework
Copyright (C) Microsoft Corporation. All rights reserved.

Build started 23-Jul-18 4:23:40 PM.
Project "D:\testFaceReg-1\node_modules\opencv-build\opencv\build\CMakeFiles\CMakeTmp\cmTC_8b30a.vcxproj" on node 1 (default targets).
PrepareForBuild:
  Creating directory "cmTC_8b30a.dir\Release\".
  Creating directory "D:\testFaceReg-1\node_modules\opencv-build\opencv\build\CMakeFiles\CMakeTmp\Release\".
  Creating directory "cmTC_8b30a.dir\Release\cmTC_8b30a.tlog\".
InitializeBuildStatus:
  Creating "cmTC_8b30a.dir\Release\cmTC_8b30a.tlog\unsuccessfulbuild" because "AlwaysCreate" was specified.
ClCompile:
  C:\Program Files (x86)\Microsoft Visual Studio\2017\Community\VC\Tools\MSVC\14.13.26128\bin\HostX86\x64\CL.exe /c /W3 /WX- /diagnostics:classic /O2 /Ob2 /D WIN32 /D _WINDOWS /D NDEBUG /D "CMAKE_INTDIR=\"Release\"" /D _MBCS /Gm- /EHsc /MD /GS /fp:precise /Zc:wchar_t /Zc:forScope /Zc:inline /GR /Fo"cmTC_8b30a.dir\Release\\" /Fd"cmTC_8b30a.dir\Release\vc141.pdb" /Gd /TP /FC /errorReport:queue "D:\testFaceReg-1\node_modules\opencv-build\opencv\opencv\cmake\checks\cpu_avx512skx.cpp"
  Microsoft (R) C/C++ Optimizing Compiler Version 19.13.26128 for x64
  Copyright (C) Microsoft Corporation.  All rights reserved.
  
  cl /c /W3 /WX- /diagnostics:classic /O2 /Ob2 /D WIN32 /D _WINDOWS /D NDEBUG /D "CMAKE_INTDIR=\"Release\"" /D _MBCS /Gm- /EHsc /MD /GS /fp:precise /Zc:wchar_t /Zc:forScope /Zc:inline /GR /Fo"cmTC_8b30a.dir\Release\\" /Fd"cmTC_8b30a.dir\Release\vc141.pdb" /Gd /TP /FC /errorReport:queue "D:\testFaceReg-1\node_modules\opencv-build\opencv\opencv\cmake\checks\cpu_avx512skx.cpp"
  cpu_avx512skx.cpp
  
d:\testfacereg-1\node_modules\opencv-build\opencv\opencv\cmake\checks\cpu_avx512skx.cpp(12): fatal error C1189: #error:  "AVX512-SKX is not supported" [D:\testFaceReg-1\node_modules\opencv-build\opencv\build\CMakeFiles\CMakeTmp\cmTC_8b30a.vcxproj]
Done Building Project "D:\testFaceReg-1\node_modules\opencv-build\opencv\build\CMakeFiles\CMakeTmp\cmTC_8b30a.vcxproj" (default targets) -- FAILED.

Build FAILED.

"D:\testFaceReg-1\node_modules\opencv-build\opencv\build\CMakeFiles\CMakeTmp\cmTC_8b30a.vcxproj" (default target) (1) ->
(ClCompile target) -> 
  d:\testfacereg-1\node_modules\opencv-build\opencv\opencv\cmake\checks\cpu_avx512skx.cpp(12): fatal error C1189: #error:  "AVX512-SKX is not supported" [D:\testFaceReg-1\node_modules\opencv-build\opencv\build\CMakeFiles\CMakeTmp\cmTC_8b30a.vcxproj]

    0 Warning(s)
    1 Error(s)

Time Elapsed 00:00:01.01

===== END =====

Determining if the function fseeko exists failed with the following output:
Change Dir: D:/testFaceReg-1/node_modules/opencv-build/opencv/build/CMakeFiles/CMakeTmp

Run Build Command:"C:/Program Files (x86)/Microsoft Visual Studio/2017/Community/MSBuild/15.0/Bin/MSBuild.exe" "cmTC_a38b6.vcxproj" "/p:Configuration=Release" "/p:VisualStudioVersion=15.0"
Microsoft (R) Build Engine version 15.6.82.30579 for .NET Framework
Copyright (C) Microsoft Corporation. All rights reserved.

Build started 23-Jul-18 4:24:00 PM.
Project "D:\testFaceReg-1\node_modules\opencv-build\opencv\build\CMakeFiles\CMakeTmp\cmTC_a38b6.vcxproj" on node 1 (default targets).
PrepareForBuild:
  Creating directory "cmTC_a38b6.dir\Release\".
  Creating directory "D:\testFaceReg-1\node_modules\opencv-build\opencv\build\CMakeFiles\CMakeTmp\Release\".
  Creating directory "cmTC_a38b6.dir\Release\cmTC_a38b6.tlog\".
InitializeBuildStatus:
  Creating "cmTC_a38b6.dir\Release\cmTC_a38b6.tlog\unsuccessfulbuild" because "AlwaysCreate" was specified.
ClCompile:
  C:\Program Files (x86)\Microsoft Visual Studio\2017\Community\VC\Tools\MSVC\14.13.26128\bin\HostX86\x64\CL.exe /c /W3 /WX- /diagnostics:classic /MP4 /O2 /Ob2 /Oi /D WIN32 /D _WINDOWS /D _CRT_SECURE_NO_DEPRECATE /D _CRT_NONSTDC_NO_DEPRECATE /D _SCL_SECURE_NO_WARNINGS /D CHECK_FUNCTION_EXISTS=fseeko /D NDEBUG /D "CMAKE_INTDIR=\"Release\"" /D _MBCS /Gm- /MD /GS /Gy /fp:precise /Zc:wchar_t /Zc:forScope /Zc:inline /Fo"cmTC_a38b6.dir\Release\\" /Fd"cmTC_a38b6.dir\Release\vc141.pdb" /Gd /TC /FC /errorReport:queue  /bigobj "C:\Program Files\CMake\share\cmake-3.12\Modules\CheckFunctionExists.c"
  Microsoft (R) C/C++ Optimizing Compiler Version 19.13.26128 for x64
  Copyright (C) Microsoft Corporation.  All rights reserved.
  
  cl /c /W3 /WX- /diagnostics:classic /MP4 /O2 /Ob2 /Oi /D WIN32 /D _WINDOWS /D _CRT_SECURE_NO_DEPRECATE /D _CRT_NONSTDC_NO_DEPRECATE /D _SCL_SECURE_NO_WARNINGS /D CHECK_FUNCTION_EXISTS=fseeko /D NDEBUG /D "CMAKE_INTDIR=\"Release\"" /D _MBCS /Gm- /MD /GS /Gy /fp:precise /Zc:wchar_t /Zc:forScope /Zc:inline /Fo"cmTC_a38b6.dir\Release\\" /Fd"cmTC_a38b6.dir\Release\vc141.pdb" /Gd /TC /FC /errorReport:queue  /bigobj "C:\Program Files\CMake\share\cmake-3.12\Modules\CheckFunctionExists.c"
  CheckFunctionExists.c
  
Link:
  C:\Program Files (x86)\Microsoft Visual Studio\2017\Community\VC\Tools\MSVC\14.13.26128\bin\HostX86\x64\link.exe /ERRORREPORT:QUEUE /OUT:"D:\testFaceReg-1\node_modules\opencv-build\opencv\build\CMakeFiles\CMakeTmp\Release\cmTC_a38b6.exe" /INCREMENTAL:NO /NOLOGO kernel32.lib user32.lib gdi32.lib winspool.lib shell32.lib ole32.lib oleaut32.lib uuid.lib comdlg32.lib advapi32.lib /MANIFEST /MANIFESTUAC:"level='asInvoker' uiAccess='false'" /manifest:embed /PDB:"D:/testFaceReg-1/node_modules/opencv-build/opencv/build/CMakeFiles/CMakeTmp/Release/cmTC_a38b6.pdb" /SUBSYSTEM:CONSOLE /TLBID:1 /DYNAMICBASE /NXCOMPAT /IMPLIB:"D:/testFaceReg-1/node_modules/opencv-build/opencv/build/CMakeFiles/CMakeTmp/Release/cmTC_a38b6.lib" /MACHINE:X64  /machine:x64 cmTC_a38b6.dir\Release\CheckFunctionExists.obj
CheckFunctionExists.obj : error LNK2019: unresolved external symbol fseeko referenced in function main [D:\testFaceReg-1\node_modules\opencv-build\opencv\build\CMakeFiles\CMakeTmp\cmTC_a38b6.vcxproj]
D:\testFaceReg-1\node_modules\opencv-build\opencv\build\CMakeFiles\CMakeTmp\Release\cmTC_a38b6.exe : fatal error LNK1120: 1 unresolved externals [D:\testFaceReg-1\node_modules\opencv-build\opencv\build\CMakeFiles\CMakeTmp\cmTC_a38b6.vcxproj]
Done Building Project "D:\testFaceReg-1\node_modules\opencv-build\opencv\build\CMakeFiles\CMakeTmp\cmTC_a38b6.vcxproj" (default targets) -- FAILED.

Build FAILED.

"D:\testFaceReg-1\node_modules\opencv-build\opencv\build\CMakeFiles\CMakeTmp\cmTC_a38b6.vcxproj" (default target) (1) ->
(Link target) -> 
  CheckFunctionExists.obj : error LNK2019: unresolved external symbol fseeko referenced in function main [D:\testFaceReg-1\node_modules\opencv-build\opencv\build\CMakeFiles\CMakeTmp\cmTC_a38b6.vcxproj]
  D:\testFaceReg-1\node_modules\opencv-build\opencv\build\CMakeFiles\CMakeTmp\Release\cmTC_a38b6.exe : fatal error LNK1120: 1 unresolved externals [D:\testFaceReg-1\node_modules\opencv-build\opencv\build\CMakeFiles\CMakeTmp\cmTC_a38b6.vcxproj]

    0 Warning(s)
    2 Error(s)

Time Elapsed 00:00:01.73


Determining size of off64_t failed with the following output:
Change Dir: D:/testFaceReg-1/node_modules/opencv-build/opencv/build/CMakeFiles/CMakeTmp

Run Build Command:"C:/Program Files (x86)/Microsoft Visual Studio/2017/Community/MSBuild/15.0/Bin/MSBuild.exe" "cmTC_6871c.vcxproj" "/p:Configuration=Release" "/p:VisualStudioVersion=15.0"
Microsoft (R) Build Engine version 15.6.82.30579 for .NET Framework
Copyright (C) Microsoft Corporation. All rights reserved.

Build started 23-Jul-18 4:24:02 PM.
Project "D:\testFaceReg-1\node_modules\opencv-build\opencv\build\CMakeFiles\CMakeTmp\cmTC_6871c.vcxproj" on node 1 (default targets).
PrepareForBuild:
  Creating directory "cmTC_6871c.dir\Release\".
  Creating directory "D:\testFaceReg-1\node_modules\opencv-build\opencv\build\CMakeFiles\CMakeTmp\Release\".
  Creating directory "cmTC_6871c.dir\Release\cmTC_6871c.tlog\".
InitializeBuildStatus:
  Creating "cmTC_6871c.dir\Release\cmTC_6871c.tlog\unsuccessfulbuild" because "AlwaysCreate" was specified.
ClCompile:
  C:\Program Files (x86)\Microsoft Visual Studio\2017\Community\VC\Tools\MSVC\14.13.26128\bin\HostX86\x64\CL.exe /c /W3 /WX- /diagnostics:classic /MP4 /O2 /Ob2 /Oi /D WIN32 /D _WINDOWS /D _CRT_SECURE_NO_DEPRECATE /D _CRT_NONSTDC_NO_DEPRECATE /D _SCL_SECURE_NO_WARNINGS /D NDEBUG /D "CMAKE_INTDIR=\"Release\"" /D _MBCS /Gm- /MD /GS /Gy /fp:precise /Zc:wchar_t /Zc:forScope /Zc:inline /Fo"cmTC_6871c.dir\Release\\" /Fd"cmTC_6871c.dir\Release\vc141.pdb" /Gd /TC /FC /errorReport:queue  /bigobj "D:\testFaceReg-1\node_modules\opencv-build\opencv\build\CMakeFiles\CheckTypeSize\OFF64_T.c"
  Microsoft (R) C/C++ Optimizing Compiler Version 19.13.26128 for x64
  Copyright (C) Microsoft Corporation.  All rights reserved.
  
  cl /c /W3 /WX- /diagnostics:classic /MP4 /O2 /Ob2 /Oi /D WIN32 /D _WINDOWS /D _CRT_SECURE_NO_DEPRECATE /D _CRT_NONSTDC_NO_DEPRECATE /D _SCL_SECURE_NO_WARNINGS /D NDEBUG /D "CMAKE_INTDIR=\"Release\"" /D _MBCS /Gm- /MD /GS /Gy /fp:precise /Zc:wchar_t /Zc:forScope /Zc:inline /Fo"cmTC_6871c.dir\Release\\" /Fd"cmTC_6871c.dir\Release\vc141.pdb" /Gd /TC /FC /errorReport:queue  /bigobj "D:\testFaceReg-1\node_modules\opencv-build\opencv\build\CMakeFiles\CheckTypeSize\OFF64_T.c"
  OFF64_T.c
  
d:\testfacereg-1\node_modules\opencv-build\opencv\build\cmakefiles\checktypesize\off64_t.c(25): error C2065: 'off64_t': undeclared identifier [D:\testFaceReg-1\node_modules\opencv-build\opencv\build\CMakeFiles\CMakeTmp\cmTC_6871c.vcxproj]
d:\testfacereg-1\node_modules\opencv-build\opencv\build\cmakefiles\checktypesize\off64_t.c(26): error C2065: 'off64_t': undeclared identifier [D:\testFaceReg-1\node_modules\opencv-build\opencv\build\CMakeFiles\CMakeTmp\cmTC_6871c.vcxproj]
d:\testfacereg-1\node_modules\opencv-build\opencv\build\cmakefiles\checktypesize\off64_t.c(27): error C2065: 'off64_t': undeclared identifier [D:\testFaceReg-1\node_modules\opencv-build\opencv\build\CMakeFiles\CMakeTmp\cmTC_6871c.vcxproj]
d:\testfacereg-1\node_modules\opencv-build\opencv\build\cmakefiles\checktypesize\off64_t.c(28): error C2065: 'off64_t': undeclared identifier [D:\testFaceReg-1\node_modules\opencv-build\opencv\build\CMakeFiles\CMakeTmp\cmTC_6871c.vcxproj]
d:\testfacereg-1\node_modules\opencv-build\opencv\build\cmakefiles\checktypesize\off64_t.c(29): error C2065: 'off64_t': undeclared identifier [D:\testFaceReg-1\node_modules\opencv-build\opencv\build\CMakeFiles\CMakeTmp\cmTC_6871c.vcxproj]
Done Building Project "D:\testFaceReg-1\node_modules\opencv-build\opencv\build\CMakeFiles\CMakeTmp\cmTC_6871c.vcxproj" (default targets) -- FAILED.

Build FAILED.

"D:\testFaceReg-1\node_modules\opencv-build\opencv\build\CMakeFiles\CMakeTmp\cmTC_6871c.vcxproj" (default target) (1) ->
(ClCompile target) -> 
  d:\testfacereg-1\node_modules\opencv-build\opencv\build\cmakefiles\checktypesize\off64_t.c(25): error C2065: 'off64_t': undeclared identifier [D:\testFaceReg-1\node_modules\opencv-build\opencv\build\CMakeFiles\CMakeTmp\cmTC_6871c.vcxproj]
  d:\testfacereg-1\node_modules\opencv-build\opencv\build\cmakefiles\checktypesize\off64_t.c(26): error C2065: 'off64_t': undeclared identifier [D:\testFaceReg-1\node_modules\opencv-build\opencv\build\CMakeFiles\CMakeTmp\cmTC_6871c.vcxproj]
  d:\testfacereg-1\node_modules\opencv-build\opencv\build\cmakefiles\checktypesize\off64_t.c(27): error C2065: 'off64_t': undeclared identifier [D:\testFaceReg-1\node_modules\opencv-build\opencv\build\CMakeFiles\CMakeTmp\cmTC_6871c.vcxproj]
  d:\testfacereg-1\node_modules\opencv-build\opencv\build\cmakefiles\checktypesize\off64_t.c(28): error C2065: 'off64_t': undeclared identifier [D:\testFaceReg-1\node_modules\opencv-build\opencv\build\CMakeFiles\CMakeTmp\cmTC_6871c.vcxproj]
  d:\testfacereg-1\node_modules\opencv-build\opencv\build\cmakefiles\checktypesize\off64_t.c(29): error C2065: 'off64_t': undeclared identifier [D:\testFaceReg-1\node_modules\opencv-build\opencv\build\CMakeFiles\CMakeTmp\cmTC_6871c.vcxproj]

    0 Warning(s)
    5 Error(s)

Time Elapsed 00:00:00.66

D:/testFaceReg-1/node_modules/opencv-build/opencv/build/CMakeFiles/CheckTypeSize/OFF64_T.c:
#include <sys/types.h>
#include <stdint.h>
#include <stddef.h>


#undef KEY
#if defined(__i386)
# define KEY '_','_','i','3','8','6'
#elif defined(__x86_64)
# define KEY '_','_','x','8','6','_','6','4'
#elif defined(__ppc__)
# define KEY '_','_','p','p','c','_','_'
#elif defined(__ppc64__)
# define KEY '_','_','p','p','c','6','4','_','_'
#elif defined(__aarch64__)
# define KEY '_','_','a','a','r','c','h','6','4','_','_'
#elif defined(__ARM_ARCH_7A__)
# define KEY '_','_','A','R','M','_','A','R','C','H','_','7','A','_','_'
#elif defined(__ARM_ARCH_7S__)
# define KEY '_','_','A','R','M','_','A','R','C','H','_','7','S','_','_'
#endif

#define SIZE (sizeof(off64_t))
char info_size[] =  {'I', 'N', 'F', 'O', ':', 's','i','z','e','[',
  ('0' + ((SIZE / 10000)%10)),
  ('0' + ((SIZE / 1000)%10)),
  ('0' + ((SIZE / 100)%10)),
  ('0' + ((SIZE / 10)%10)),
  ('0' +  (SIZE    % 10)),
  ']',
#ifdef KEY
  ' ','k','e','y','[', KEY, ']',
#endif
  '\0'};

#ifdef __CLASSIC_C__
int main(argc, argv) int argc; char *argv[];
#else
int main(int argc, char *argv[])
#endif
{
  int require = 0;
  require += info_size[argc];
  (void)argv;
  return require;
}


Determining if the function strcasecmp exists failed with the following output:
Change Dir: D:/testFaceReg-1/node_modules/opencv-build/opencv/build/CMakeFiles/CMakeTmp

Run Build Command:"C:/Program Files (x86)/Microsoft Visual Studio/2017/Community/MSBuild/15.0/Bin/MSBuild.exe" "cmTC_8a2a1.vcxproj" "/p:Configuration=Release" "/p:VisualStudioVersion=15.0"
Microsoft (R) Build Engine version 15.6.82.30579 for .NET Framework
Copyright (C) Microsoft Corporation. All rights reserved.

Build started 23-Jul-18 4:24:39 PM.
Project "D:\testFaceReg-1\node_modules\opencv-build\opencv\build\CMakeFiles\CMakeTmp\cmTC_8a2a1.vcxproj" on node 1 (default targets).
PrepareForBuild:
  Creating directory "cmTC_8a2a1.dir\Release\".
  Creating directory "D:\testFaceReg-1\node_modules\opencv-build\opencv\build\CMakeFiles\CMakeTmp\Release\".
  Creating directory "cmTC_8a2a1.dir\Release\cmTC_8a2a1.tlog\".
InitializeBuildStatus:
  Creating "cmTC_8a2a1.dir\Release\cmTC_8a2a1.tlog\unsuccessfulbuild" because "AlwaysCreate" was specified.
ClCompile:
  C:\Program Files (x86)\Microsoft Visual Studio\2017\Community\VC\Tools\MSVC\14.13.26128\bin\HostX86\x64\CL.exe /c /W3 /WX- /diagnostics:classic /MP4 /O2 /Ob2 /Oi /D WIN32 /D _WINDOWS /D _CRT_SECURE_NO_DEPRECATE /D _CRT_NONSTDC_NO_DEPRECATE /D _SCL_SECURE_NO_WARNINGS /D CHECK_FUNCTION_EXISTS=strcasecmp /D NDEBUG /D "CMAKE_INTDIR=\"Release\"" /D _MBCS /Gm- /MD /GS /Gy /fp:precise /Zc:wchar_t /Zc:forScope /Zc:inline /Fo"cmTC_8a2a1.dir\Release\\" /Fd"cmTC_8a2a1.dir\Release\vc141.pdb" /Gd /TC /FC /errorReport:queue  /bigobj "C:\Program Files\CMake\share\cmake-3.12\Modules\CheckFunctionExists.c"
  Microsoft (R) C/C++ Optimizing Compiler Version 19.13.26128 for x64
  Copyright (C) Microsoft Corporation.  All rights reserved.
  
  cl /c /W3 /WX- /diagnostics:classic /MP4 /O2 /Ob2 /Oi /D WIN32 /D _WINDOWS /D _CRT_SECURE_NO_DEPRECATE /D _CRT_NONSTDC_NO_DEPRECATE /D _SCL_SECURE_NO_WARNINGS /D CHECK_FUNCTION_EXISTS=strcasecmp /D NDEBUG /D "CMAKE_INTDIR=\"Release\"" /D _MBCS /Gm- /MD /GS /Gy /fp:precise /Zc:wchar_t /Zc:forScope /Zc:inline /Fo"cmTC_8a2a1.dir\Release\\" /Fd"cmTC_8a2a1.dir\Release\vc141.pdb" /Gd /TC /FC /errorReport:queue  /bigobj "C:\Program Files\CMake\share\cmake-3.12\Modules\CheckFunctionExists.c"
  CheckFunctionExists.c
  
Link:
  C:\Program Files (x86)\Microsoft Visual Studio\2017\Community\VC\Tools\MSVC\14.13.26128\bin\HostX86\x64\link.exe /ERRORREPORT:QUEUE /OUT:"D:\testFaceReg-1\node_modules\opencv-build\opencv\build\CMakeFiles\CMakeTmp\Release\cmTC_8a2a1.exe" /INCREMENTAL:NO /NOLOGO kernel32.lib user32.lib gdi32.lib winspool.lib shell32.lib ole32.lib oleaut32.lib uuid.lib comdlg32.lib advapi32.lib /MANIFEST /MANIFESTUAC:"level='asInvoker' uiAccess='false'" /manifest:embed /PDB:"D:/testFaceReg-1/node_modules/opencv-build/opencv/build/CMakeFiles/CMakeTmp/Release/cmTC_8a2a1.pdb" /SUBSYSTEM:CONSOLE /TLBID:1 /DYNAMICBASE /NXCOMPAT /IMPLIB:"D:/testFaceReg-1/node_modules/opencv-build/opencv/build/CMakeFiles/CMakeTmp/Release/cmTC_8a2a1.lib" /MACHINE:X64  /machine:x64 cmTC_8a2a1.dir\Release\CheckFunctionExists.obj
CheckFunctionExists.obj : error LNK2019: unresolved external symbol strcasecmp referenced in function main [D:\testFaceReg-1\node_modules\opencv-build\opencv\build\CMakeFiles\CMakeTmp\cmTC_8a2a1.vcxproj]
D:\testFaceReg-1\node_modules\opencv-build\opencv\build\CMakeFiles\CMakeTmp\Release\cmTC_8a2a1.exe : fatal error LNK1120: 1 unresolved externals [D:\testFaceReg-1\node_modules\opencv-build\opencv\build\CMakeFiles\CMakeTmp\cmTC_8a2a1.vcxproj]
Done Building Project "D:\testFaceReg-1\node_modules\opencv-build\opencv\build\CMakeFiles\CMakeTmp\cmTC_8a2a1.vcxproj" (default targets) -- FAILED.

Build FAILED.

"D:\testFaceReg-1\node_modules\opencv-build\opencv\build\CMakeFiles\CMakeTmp\cmTC_8a2a1.vcxproj" (default target) (1) ->
(Link target) -> 
  CheckFunctionExists.obj : error LNK2019: unresolved external symbol strcasecmp referenced in function main [D:\testFaceReg-1\node_modules\opencv-build\opencv\build\CMakeFiles\CMakeTmp\cmTC_8a2a1.vcxproj]
  D:\testFaceReg-1\node_modules\opencv-build\opencv\build\CMakeFiles\CMakeTmp\Release\cmTC_8a2a1.exe : fatal error LNK1120: 1 unresolved externals [D:\testFaceReg-1\node_modules\opencv-build\opencv\build\CMakeFiles\CMakeTmp\cmTC_8a2a1.vcxproj]

    0 Warning(s)
    2 Error(s)

Time Elapsed 00:00:01.14


Determining if the include file pthread.h exists failed with the following output:
Change Dir: D:/testFaceReg-1/node_modules/opencv-build/opencv/build/CMakeFiles/CMakeTmp

Run Build Command:"C:/Program Files (x86)/Microsoft Visual Studio/2017/Community/MSBuild/15.0/Bin/MSBuild.exe" "cmTC_ad211.vcxproj" "/p:Configuration=Release" "/p:VisualStudioVersion=15.0"
Microsoft (R) Build Engine version 15.6.82.30579 for .NET Framework
Copyright (C) Microsoft Corporation. All rights reserved.

Build started 23-Jul-18 4:25:35 PM.
Project "D:\testFaceReg-1\node_modules\opencv-build\opencv\build\CMakeFiles\CMakeTmp\cmTC_ad211.vcxproj" on node 1 (default targets).
PrepareForBuild:
  Creating directory "cmTC_ad211.dir\Release\".
  Creating directory "D:\testFaceReg-1\node_modules\opencv-build\opencv\build\CMakeFiles\CMakeTmp\Release\".
  Creating directory "cmTC_ad211.dir\Release\cmTC_ad211.tlog\".
InitializeBuildStatus:
  Creating "cmTC_ad211.dir\Release\cmTC_ad211.tlog\unsuccessfulbuild" because "AlwaysCreate" was specified.
ClCompile:
  C:\Program Files (x86)\Microsoft Visual Studio\2017\Community\VC\Tools\MSVC\14.13.26128\bin\HostX86\x64\CL.exe /c /W3 /WX- /diagnostics:classic /MP4 /O2 /Ob2 /Oi /D WIN32 /D _WINDOWS /D _CRT_SECURE_NO_DEPRECATE /D _CRT_NONSTDC_NO_DEPRECATE /D _SCL_SECURE_NO_WARNINGS /D NDEBUG /D "CMAKE_INTDIR=\"Release\"" /D _MBCS /Gm- /MD /GS /Gy /fp:precise /Zc:wchar_t /Zc:forScope /Zc:inline /Fo"cmTC_ad211.dir\Release\\" /Fd"cmTC_ad211.dir\Release\vc141.pdb" /Gd /TC /FC /errorReport:queue  /bigobj "D:\testFaceReg-1\node_modules\opencv-build\opencv\build\CMakeFiles\CMakeTmp\CheckIncludeFile.c"
  Microsoft (R) C/C++ Optimizing Compiler Version 19.13.26128 for x64
  Copyright (C) Microsoft Corporation.  All rights reserved.
  
  cl /c /W3 /WX- /diagnostics:classic /MP4 /O2 /Ob2 /Oi /D WIN32 /D _WINDOWS /D _CRT_SECURE_NO_DEPRECATE /D _CRT_NONSTDC_NO_DEPRECATE /D _SCL_SECURE_NO_WARNINGS /D NDEBUG /D "CMAKE_INTDIR=\"Release\"" /D _MBCS /Gm- /MD /GS /Gy /fp:precise /Zc:wchar_t /Zc:forScope /Zc:inline /Fo"cmTC_ad211.dir\Release\\" /Fd"cmTC_ad211.dir\Release\vc141.pdb" /Gd /TC /FC /errorReport:queue  /bigobj "D:\testFaceReg-1\node_modules\opencv-build\opencv\build\CMakeFiles\CMakeTmp\CheckIncludeFile.c"
  CheckIncludeFile.c
  
d:\testfacereg-1\node_modules\opencv-build\opencv\build\cmakefiles\cmaketmp\checkincludefile.c(1): fatal error C1083: Cannot open include file: 'pthread.h': No such file or directory [D:\testFaceReg-1\node_modules\opencv-build\opencv\build\CMakeFiles\CMakeTmp\cmTC_ad211.vcxproj]
Done Building Project "D:\testFaceReg-1\node_modules\opencv-build\opencv\build\CMakeFiles\CMakeTmp\cmTC_ad211.vcxproj" (default targets) -- FAILED.

Build FAILED.

"D:\testFaceReg-1\node_modules\opencv-build\opencv\build\CMakeFiles\CMakeTmp\cmTC_ad211.vcxproj" (default target) (1) ->
(ClCompile target) -> 
  d:\testfacereg-1\node_modules\opencv-build\opencv\build\cmakefiles\cmaketmp\checkincludefile.c(1): fatal error C1083: Cannot open include file: 'pthread.h': No such file or directory [D:\testFaceReg-1\node_modules\opencv-build\opencv\build\CMakeFiles\CMakeTmp\cmTC_ad211.vcxproj]

    0 Warning(s)
    1 Error(s)

Time Elapsed 00:00:00.97


